<?xml version="1.0" encoding="UTF-8"?>
<!-- Generated by org.testng.reporters.JUnitXMLReporter -->
<testsuite hostname="Asheesh" ignored="1" name="Default test" tests="3" failures="0" timestamp="12 Jan 2018 19:38:06 GMT" time="0.136" errors="0">
  <testcase name="test3" time="0.021" classname="testng_demo.Test1"/>
  <testcase name="test2" time="0.008" classname="testng_demo.Test1"/>
  <testcase name="test4" time="0.006" classname="testng_demo.Test1"/>
  <testcase name="verifyTest" time="0.0" classname="testng_demo.Test1">
    <ignored/>
  </testcase> <!-- verifyTest -->
</testsuite> <!-- Default test -->
