<?xml version="1.0" encoding="UTF-8"?>
<testng-results skipped="0" failed="0" ignored="1" total="4" passed="3">
  <reporter-output>
  </reporter-output>
  <suite name="Default suite" duration-ms="136" started-at="2018-01-12T19:38:06Z" finished-at="2018-01-12T19:38:06Z">
    <groups>
    </groups>
    <test name="Default test" duration-ms="136" started-at="2018-01-12T19:38:06Z" finished-at="2018-01-12T19:38:06Z">
      <class name="testng_demo.Test1">
        <test-method status="PASS" signature="test3()[pri:0, instance:testng_demo.Test1@1b604f19]" name="test3" duration-ms="21" started-at="2018-01-13T01:08:06Z" finished-at="2018-01-13T01:08:06Z">
          <reporter-output>
          </reporter-output>
        </test-method> <!-- test3 -->
        <test-method status="PASS" signature="test2()[pri:0, instance:testng_demo.Test1@1b604f19]" name="test2" duration-ms="8" started-at="2018-01-13T01:08:06Z" depends-on-methods="testng_demo.Test1.test3" finished-at="2018-01-13T01:08:06Z">
          <reporter-output>
          </reporter-output>
        </test-method> <!-- test2 -->
        <test-method status="PASS" signature="test4()[pri:0, instance:testng_demo.Test1@1b604f19]" name="test4" duration-ms="6" started-at="2018-01-13T01:08:06Z" depends-on-methods="testng_demo.Test1.test3" finished-at="2018-01-13T01:08:06Z">
          <reporter-output>
          </reporter-output>
        </test-method> <!-- test4 -->
      </class> <!-- testng_demo.Test1 -->
    </test> <!-- Default test -->
  </suite> <!-- Default suite -->
</testng-results>
